Thu Oct 24 23:59:37 2019
Create Relation ADR_CONTROL
Create Relation ADR_INVALIDATION
Create Relation INC_METER_IMPT_DEF
Create Relation INC_METER_PK_IMPTS
Directory does not exist for read/write [D:\app\oracle\product\11.2.0\server\log] [D:\app\oracle\product\11.2.0\server\log\diag]
Fri Oct 25 00:01:46 2019
Directory does not exist for read/write [D:\app\oracle\product\11.2.0\server\log] [D:\app\oracle\product\11.2.0\server\log\diag\clients]
Fri Oct 25 00:03:17 2019
Directory does not exist for read/write [D:\app\oracle\product\11.2.0\server\log] [D:\app\oracle\product\11.2.0\server\log\diag\clients]
Fri Oct 25 09:28:31 2019
Directory does not exist for read/write [D:\app\oracle\product\11.2.0\server\log] [D:\app\oracle\product\11.2.0\server\log\diag\clients]
Fri Oct 25 09:28:49 2019
Directory does not exist for read/write [D:\app\oracle\product\11.2.0\server\log] [D:\app\oracle\product\11.2.0\server\log\diag\clients]
Fri Oct 25 09:31:36 2019
Directory does not exist for read/write [C:\oraclexe\app\oracle\product\11.2.0\server\log] [C:\oraclexe\app\oracle\product\11.2.0\server\log\diag]
Fri Oct 25 09:32:44 2019
Directory does not exist for read/write [C:\oraclexe\app\oracle\product\11.2.0\server\log] [C:\oraclexe\app\oracle\product\11.2.0\server\log\diag\clients]
Fri Oct 25 10:01:32 2019
Directory does not exist for read/write [C:\oraclexe\app\oracle\product\11.2.0\server\log] [C:\oraclexe\app\oracle\product\11.2.0\server\log\diag\clients]
Tue Nov 05 09:39:06 2019
Directory does not exist for read/write [C:\oraclexe\app\oracle\product\11.2.0\server\log] [C:\oraclexe\app\oracle\product\11.2.0\server\log\diag\clients]
Thu Nov 07 23:54:28 2019
Directory does not exist for read/write [C:\oraclexe\app\oracle\product\11.2.0\server\log] [C:\oraclexe\app\oracle\product\11.2.0\server\log\diag\clients]
Fri Nov 08 01:45:00 2019
Directory does not exist for read/write [C:\oraclexe\app\oracle\product\11.2.0\server\log] [C:\oraclexe\app\oracle\product\11.2.0\server\log\diag\clients]
Fri Nov 15 13:33:18 2019
Directory does not exist for read/write [C:\oraclexe\app\oracle\product\11.2.0\server\log] [C:\oraclexe\app\oracle\product\11.2.0\server\log\diag\clients]
Mon Nov 18 20:01:21 2019
Directory does not exist for read/write [C:\oraclexe\app\oracle\product\11.2.0\server\log] [C:\oraclexe\app\oracle\product\11.2.0\server\log\diag\clients]
Mon Nov 18 20:14:54 2019
Directory does not exist for read/write [C:\oraclexe\app\oracle\product\11.2.0\server\log] [C:\oraclexe\app\oracle\product\11.2.0\server\log\diag\clients]
Mon Nov 18 20:15:36 2019
Directory does not exist for read/write [C:\oraclexe\app\oracle\product\11.2.0\server\log] [C:\oraclexe\app\oracle\product\11.2.0\server\log\diag\clients]
Mon Nov 18 20:23:35 2019
Directory does not exist for read/write [C:\oraclexe\app\oracle\product\11.2.0\server\log] [C:\oraclexe\app\oracle\product\11.2.0\server\log\diag\clients]
Mon Nov 18 20:25:35 2019
Directory does not exist for read/write [C:\oraclexe\app\oracle\product\11.2.0\server\log] [C:\oraclexe\app\oracle\product\11.2.0\server\log\diag\clients]
Fri Nov 22 01:33:26 2019
Directory does not exist for read/write [C:\oraclexe\app\oracle\product\11.2.0\server\log] [C:\oraclexe\app\oracle\product\11.2.0\server\log\diag\clients]
